<?xml version="1.0" encoding="UTF-8"?>
<robot generated="20170726 23:55:17.352" generator="Rebot 3.0.1 (Python 2.7.10 on darwin)">
<suite source="/Volumes/sd_card/lunkr_test_git/iOS_AutoTest_Mutil" id="s1" name="iOS AutoTest Mutil">
<suite source="/Volumes/sd_card/lunkr_test_git/iOS_AutoTest_Mutil/01_测试用例" id="s1-s1" name="01 测试用例">
<suite source="/Volumes/sd_card/lunkr_test_git/iOS_AutoTest_Mutil/01_测试用例/01_登录" id="s1-s1-s1" name="01 登录">
<suite source="/Volumes/sd_card/lunkr_test_git/iOS_AutoTest_Mutil/01_测试用例/01_登录/01_登录.txt" id="s1-s1-s1-s1" name="01 登录">
<kw type="teardown" name="Close Application" library="AppiumLibrary">
<doc>Closes the current application.</doc>
<kw name="Capture Page Screenshot" library="AppiumLibrary">
<doc>Takes a screenshot of the current page and embeds it into the log.</doc>
<msg timestamp="20170726 23:54:52.594" level="FAIL">No application is open</msg>
<status status="FAIL" endtime="20170726 23:54:52.594" starttime="20170726 23:54:52.592"></status>
</kw>
<msg timestamp="20170726 23:54:52.594" level="WARN">Keyword 'Capture Page Screenshot' could not be run on failure: No application is open</msg>
<msg timestamp="20170726 23:54:52.594" level="FAIL">No application is open</msg>
<status status="FAIL" endtime="20170726 23:54:52.594" starttime="20170726 23:54:52.591">No application is open</status>
</kw>
<test id="s1-s1-s1-s1-t1" name="启动滑屏">
<kw name="安装并打开论客" library="01_前置后置操作">
<kw name="连接服务器" library="01_前置后置操作">
<kw name="Open Application" library="AppiumLibrary">
<doc>Opens a new application to given Appium server.</doc>
<arguments>
<arg>${remote_url}</arg>
<arg>&amp;{desired_caps}</arg>
</arguments>
<kw name="Capture Page Screenshot" library="AppiumLibrary">
<doc>Takes a screenshot of the current page and embeds it into the log.</doc>
<msg timestamp="20170726 23:54:52.586" level="FAIL">No application is open</msg>
<status status="FAIL" endtime="20170726 23:54:52.586" starttime="20170726 23:54:52.583"></status>
</kw>
<msg timestamp="20170726 23:54:52.586" level="WARN">Keyword 'Capture Page Screenshot' could not be run on failure: No application is open</msg>
<msg timestamp="20170726 23:54:52.589" level="FAIL">WebDriverException: Message: An unknown server-side error occurred while processing the command. Original error: Could not install app: 'Command 'ios-deploy --id 0a6fa2250bea19b846cec413700b360a94de41df --uninstall --bundle /var/folders/pp/vfz5cphx6c71zzk9m6xmxk9w0000gn/T/2017626-1456-e2da4e.3kj4oenrk9/Payload/LunkrEnterprise.app' exited with code 253'
</msg>
<status status="FAIL" endtime="20170726 23:54:52.589" starttime="20170726 23:53:56.360"></status>
</kw>
<status status="FAIL" endtime="20170726 23:54:52.589" starttime="20170726 23:53:56.360"></status>
</kw>
<status status="FAIL" endtime="20170726 23:54:52.589" starttime="20170726 23:53:56.360"></status>
</kw>
<tags>
<tag>tag1</tag>
</tags>
<status status="FAIL" endtime="20170726 23:54:52.590" critical="yes" starttime="20170726 23:53:56.359">WebDriverException: Message: An unknown server-side error occurred while processing the command. Original error: Could not install app: 'Command 'ios-deploy --id 0a6fa2250bea19b846cec413700b360a94de41df --uninstall --bundle /var/folders/pp/vfz5cphx6c71zzk9m6xmxk9w0000gn/T/2017626-1456-e2da4e.3kj4oenrk9/Payload/LunkrEnterprise.app' exited with code 253'


Also parent suite teardown failed:
No application is open</status>
</test>
<test id="s1-s1-s1-s1-t2" name="启动滑屏2">
<kw name="安装并打开论客" library="01_前置后置操作">
<kw name="连接服务器" library="01_前置后置操作">
<kw name="Open Application" library="AppiumLibrary">
<doc>Opens a new application to given Appium server.</doc>
<arguments>
<arg>${remote_url}</arg>
<arg>&amp;{desired_caps}</arg>
</arguments>
<status status="PASS" endtime="20170726 23:54:32.411" starttime="20170726 23:53:56.360"></status>
</kw>
<status status="PASS" endtime="20170726 23:54:32.411" starttime="20170726 23:53:56.360"></status>
</kw>
<status status="PASS" endtime="20170726 23:54:32.412" starttime="20170726 23:53:56.359"></status>
</kw>
<kw name="点击允许通知按钮" library="01_登录界面操作">
<arguments>
<arg>${notice_okz}</arg>
</arguments>
<kw name="Wait Until Page Contains Element" library="AppiumLibrary">
<doc>Waits until element specified with `locator` appears on current page.</doc>
<arguments>
<arg>${locator}</arg>
<arg>10</arg>
</arguments>
<status status="PASS" endtime="20170726 23:54:37.945" starttime="20170726 23:54:32.413"></status>
</kw>
<kw name="Click Element" library="AppiumLibrary">
<doc>Click element identified by `locator`.</doc>
<arguments>
<arg>${locator}</arg>
</arguments>
<msg timestamp="20170726 23:54:37.946" level="INFO">Clicking element 'xpath=//*/XCUIElementTypeOther[1]/XCUIElementTypeOther[3]/XCUIElementTypeButton[1]'.</msg>
<status status="PASS" endtime="20170726 23:54:43.895" starttime="20170726 23:54:37.945"></status>
</kw>
<status status="PASS" endtime="20170726 23:54:43.895" starttime="20170726 23:54:32.412"></status>
</kw>
<kw type="for" name="${i} IN RANGE [ 3 ]">
<kw type="foritem" name="${i} = 0">
<kw name="Swipe" library="AppiumLibrary">
<doc>Swipe from one point to another point, for an optional duration.</doc>
<arguments>
<arg>600</arg>
<arg>300</arg>
<arg>-500</arg>
<arg>0</arg>
</arguments>
<status status="PASS" endtime="20170726 23:54:49.338" starttime="20170726 23:54:43.896"></status>
</kw>
<kw name="Sleep" library="BuiltIn">
<doc>Pauses the test executed for the given time.</doc>
<arguments>
<arg>2</arg>
</arguments>
<msg timestamp="20170726 23:54:51.340" level="INFO">Slept 2 seconds</msg>
<status status="PASS" endtime="20170726 23:54:51.340" starttime="20170726 23:54:49.338"></status>
</kw>
<status status="PASS" endtime="20170726 23:54:51.340" starttime="20170726 23:54:43.896"></status>
</kw>
<kw type="foritem" name="${i} = 1">
<kw name="Swipe" library="AppiumLibrary">
<doc>Swipe from one point to another point, for an optional duration.</doc>
<arguments>
<arg>600</arg>
<arg>300</arg>
<arg>-500</arg>
<arg>0</arg>
</arguments>
<status status="PASS" endtime="20170726 23:54:56.683" starttime="20170726 23:54:51.341"></status>
</kw>
<kw name="Sleep" library="BuiltIn">
<doc>Pauses the test executed for the given time.</doc>
<arguments>
<arg>2</arg>
</arguments>
<msg timestamp="20170726 23:54:58.684" level="INFO">Slept 2 seconds</msg>
<status status="PASS" endtime="20170726 23:54:58.685" starttime="20170726 23:54:56.683"></status>
</kw>
<status status="PASS" endtime="20170726 23:54:58.685" starttime="20170726 23:54:51.340"></status>
</kw>
<kw type="foritem" name="${i} = 2">
<kw name="Swipe" library="AppiumLibrary">
<doc>Swipe from one point to another point, for an optional duration.</doc>
<arguments>
<arg>600</arg>
<arg>300</arg>
<arg>-500</arg>
<arg>0</arg>
</arguments>
<status status="PASS" endtime="20170726 23:55:03.844" starttime="20170726 23:54:58.685"></status>
</kw>
<kw name="Sleep" library="BuiltIn">
<doc>Pauses the test executed for the given time.</doc>
<arguments>
<arg>2</arg>
</arguments>
<msg timestamp="20170726 23:55:05.846" level="INFO">Slept 2 seconds</msg>
<status status="PASS" endtime="20170726 23:55:05.846" starttime="20170726 23:55:03.844"></status>
</kw>
<status status="PASS" endtime="20170726 23:55:05.846" starttime="20170726 23:54:58.685"></status>
</kw>
<status status="PASS" endtime="20170726 23:55:05.847" starttime="20170726 23:54:43.895"></status>
</kw>
<kw name="点击允许通知按钮" library="01_登录界面操作">
<arguments>
<arg>${start_use}</arg>
</arguments>
<kw name="Wait Until Page Contains Element" library="AppiumLibrary">
<doc>Waits until element specified with `locator` appears on current page.</doc>
<arguments>
<arg>${locator}</arg>
<arg>10</arg>
</arguments>
<status status="PASS" endtime="20170726 23:55:10.492" starttime="20170726 23:55:05.848"></status>
</kw>
<kw name="Click Element" library="AppiumLibrary">
<doc>Click element identified by `locator`.</doc>
<arguments>
<arg>${locator}</arg>
</arguments>
<msg timestamp="20170726 23:55:10.493" level="INFO">Clicking element 'xpath=//*/XCUIElementTypeOther[1]/XCUIElementTypeScrollView[1]/XCUIElementTypeButton[1]'.</msg>
<kw name="Capture Page Screenshot" library="AppiumLibrary">
<doc>Takes a screenshot of the current page and embeds it into the log.</doc>
<msg timestamp="20170726 23:55:15.017" level="FAIL">URLError: &lt;urlopen error [Errno 61] Connection refused&gt;</msg>
<status status="FAIL" endtime="20170726 23:55:15.017" starttime="20170726 23:55:15.009"></status>
</kw>
<msg timestamp="20170726 23:55:15.017" level="WARN">Keyword 'Capture Page Screenshot' could not be run on failure: URLError: &lt;urlopen error [Errno 61] Connection refused&gt;</msg>
<msg timestamp="20170726 23:55:15.020" level="FAIL">BadStatusLine: ''</msg>
<status status="FAIL" endtime="20170726 23:55:15.020" starttime="20170726 23:55:10.493"></status>
</kw>
<status status="FAIL" endtime="20170726 23:55:15.020" starttime="20170726 23:55:05.847"></status>
</kw>
<tags>
<tag>tag2</tag>
</tags>
<status status="FAIL" endtime="20170726 23:55:15.021" critical="yes" starttime="20170726 23:53:56.357">Test added from merged output.
-  -  -
BadStatusLine: ''

Also parent suite teardown failed:
URLError: &lt;urlopen error [Errno 61] Connection refused&gt;</status>
</test>
<status status="FAIL" elapsedtime="134898" endtime="N/A" starttime="N/A">Suite teardown failed:
No application is open</status>
</suite>
<status status="FAIL" elapsedtime="134898" endtime="N/A" starttime="N/A"></status>
</suite>
<status status="FAIL" elapsedtime="134898" endtime="N/A" starttime="N/A"></status>
</suite>
<status status="FAIL" elapsedtime="134898" endtime="N/A" starttime="N/A"></status>
</suite>
<statistics>
<total>
<stat fail="2" pass="0">Critical Tests</stat>
<stat fail="2" pass="0">All Tests</stat>
</total>
<tag>
<stat fail="1" pass="0">tag1</stat>
<stat fail="1" pass="0">tag2</stat>
</tag>
<suite>
<stat fail="2" id="s1" name="iOS AutoTest Mutil" pass="0">iOS AutoTest Mutil</stat>
<stat fail="2" id="s1-s1" name="01 测试用例" pass="0">iOS AutoTest Mutil.01 测试用例</stat>
<stat fail="2" id="s1-s1-s1" name="01 登录" pass="0">iOS AutoTest Mutil.01 测试用例.01 登录</stat>
<stat fail="2" id="s1-s1-s1-s1" name="01 登录" pass="0">iOS AutoTest Mutil.01 测试用例.01 登录.01 登录</stat>
</suite>
</statistics>
<errors>
<msg timestamp="20170726 23:54:52.586" level="WARN">Keyword 'Capture Page Screenshot' could not be run on failure: No application is open</msg>
<msg timestamp="20170726 23:54:52.594" level="WARN">Keyword 'Capture Page Screenshot' could not be run on failure: No application is open</msg>
<msg timestamp="20170726 23:55:15.017" level="WARN">Keyword 'Capture Page Screenshot' could not be run on failure: URLError: &lt;urlopen error [Errno 61] Connection refused&gt;</msg>
<msg timestamp="20170726 23:55:15.026" level="WARN">Keyword 'Capture Page Screenshot' could not be run on failure: URLError: &lt;urlopen error [Errno 61] Connection refused&gt;</msg>
</errors>
</robot>
